2026/01/09 09:39:57 [notice] 1#1: using the "epoll" event method
2026/01/09 09:39:57 [notice] 1#1: nginx/1.29.4
2026/01/09 09:39:57 [notice] 1#1: built by gcc 14.2.0 (Debian 14.2.0-19) 
2026/01/09 09:39:57 [notice] 1#1: OS: Linux 5.15.0-139-generic
2026/01/09 09:39:57 [notice] 1#1: getrlimit(RLIMIT_NOFILE): 1048576:1048576
2026/01/09 09:39:57 [notice] 1#1: start worker processes
2026/01/09 09:39:57 [notice] 1#1: start worker process 29
2026/01/09 09:39:57 [notice] 1#1: start worker process 30
2026/01/09 09:42:48 [error] 30#30: *2 open() "/usr/share/nginx/html/favicon.ico" failed (2: No such file or directory), client: 172.23.0.1, server: localhost, request: "GET /favicon.ico HTTP/1.1", host: "localhost", referrer: "http://localhost/"
2026/01/09 10:06:53 [notice] 1#1: using the "epoll" event method
2026/01/09 10:06:53 [notice] 1#1: nginx/1.29.4
2026/01/09 10:06:53 [notice] 1#1: built by gcc 14.2.0 (Debian 14.2.0-19) 
2026/01/09 10:06:53 [notice] 1#1: OS: Linux 5.15.0-139-generic
2026/01/09 10:06:53 [notice] 1#1: getrlimit(RLIMIT_NOFILE): 1048576:1048576
2026/01/09 10:06:53 [notice] 1#1: start worker processes
2026/01/09 10:06:53 [notice] 1#1: start worker process 22
2026/01/09 10:06:53 [notice] 1#1: start worker process 23
2026/01/09 10:13:08 [notice] 1#1: signal 3 (SIGQUIT) received, shutting down
2026/01/09 10:13:08 [notice] 22#22: gracefully shutting down
2026/01/09 10:13:08 [notice] 22#22: exiting
2026/01/09 10:13:08 [notice] 23#23: gracefully shutting down
2026/01/09 10:13:08 [notice] 23#23: exiting
2026/01/09 10:13:08 [notice] 22#22: exit
2026/01/09 10:13:08 [notice] 23#23: exit
2026/01/09 10:13:08 [notice] 1#1: signal 17 (SIGCHLD) received from 22
2026/01/09 10:13:08 [notice] 1#1: worker process 22 exited with code 0
2026/01/09 10:13:08 [notice] 1#1: signal 17 (SIGCHLD) received from 23
2026/01/09 10:13:08 [notice] 1#1: worker process 23 exited with code 0
2026/01/09 10:13:08 [notice] 1#1: exit
2026/01/09 10:13:17 [notice] 1#1: using the "epoll" event method
2026/01/09 10:13:17 [notice] 1#1: nginx/1.29.4
2026/01/09 10:13:17 [notice] 1#1: built by gcc 14.2.0 (Debian 14.2.0-19) 
2026/01/09 10:13:17 [notice] 1#1: OS: Linux 5.15.0-139-generic
2026/01/09 10:13:17 [notice] 1#1: getrlimit(RLIMIT_NOFILE): 1048576:1048576
2026/01/09 10:13:17 [notice] 1#1: start worker processes
2026/01/09 10:13:17 [notice] 1#1: start worker process 29
2026/01/09 10:13:17 [notice] 1#1: start worker process 30
2026/01/09 10:36:14 [notice] 1#1: using the "epoll" event method
2026/01/09 10:36:14 [notice] 1#1: nginx/1.29.4
2026/01/09 10:36:14 [notice] 1#1: built by gcc 14.2.0 (Debian 14.2.0-19) 
2026/01/09 10:36:14 [notice] 1#1: OS: Linux 5.15.0-139-generic
2026/01/09 10:36:14 [notice] 1#1: getrlimit(RLIMIT_NOFILE): 1048576:1048576
2026/01/09 10:36:14 [notice] 1#1: start worker processes
2026/01/09 10:36:14 [notice] 1#1: start worker process 22
2026/01/09 10:36:14 [notice] 1#1: start worker process 23
